2025-03-15 17:37:17,908 [INFO] Request: GET /api/logout - Headers: {'User-Agent': 'Werkzeug/3.1.3', 'Host': 'localhost'} - Args: ImmutableMultiDict([]) - Form: ImmutableMultiDict([])
2025-03-15 17:37:17,909 [INFO] User logged out
2025-03-15 17:37:17,910 [INFO] Response: 302 - Headers: {'Content-Type': 'text/html; charset=utf-8', 'Content-Length': '219', 'Location': '/api/admin_login', 'Set-Cookie': 'access_token_cookie=; Expires=Thu, 01 Jan 1970 00:00:00 GMT; HttpOnly; Path=/'}
2025-03-15 17:37:37,157 [INFO] Request: GET /api/logout - Headers: {'User-Agent': 'Werkzeug/3.1.3', 'Host': 'localhost'} - Args: ImmutableMultiDict([]) - Form: ImmutableMultiDict([])
2025-03-15 17:37:37,158 [INFO] User logged out
2025-03-15 17:37:37,158 [INFO] Response: 302 - Headers: {'Content-Type': 'text/html; charset=utf-8', 'Content-Length': '219', 'Location': '/api/admin_login', 'Set-Cookie': 'access_token_cookie=; Expires=Thu, 01 Jan 1970 00:00:00 GMT; HttpOnly; Path=/'}
2025-03-15 17:38:10,080 [INFO] Request: GET /api/logout - Headers: {'User-Agent': 'Werkzeug/3.1.3', 'Host': 'localhost'} - Args: ImmutableMultiDict([]) - Form: ImmutableMultiDict([])
2025-03-15 17:38:10,081 [INFO] User logged out
2025-03-15 17:38:10,081 [INFO] Response: 302 - Headers: {'Content-Type': 'text/html; charset=utf-8', 'Content-Length': '219', 'Location': '/api/admin_login', 'Set-Cookie': 'access_token_cookie=; Expires=Thu, 01 Jan 1970 00:00:00 GMT; HttpOnly; Path=/'}
2025-03-15 17:46:39,960 [INFO] Request: GET /api/logout - Headers: {'User-Agent': 'Werkzeug/3.1.3', 'Host': 'localhost'} - Args: ImmutableMultiDict([]) - Form: ImmutableMultiDict([])
2025-03-15 17:46:39,961 [INFO] User logged out
2025-03-15 17:46:39,961 [INFO] Response: 302 - Headers: {'Content-Type': 'text/html; charset=utf-8', 'Content-Length': '219', 'Location': '/api/admin_login', 'Set-Cookie': 'access_token_cookie=; Expires=Thu, 01 Jan 1970 00:00:00 GMT; HttpOnly; Path=/'}
2025-03-15 17:51:06,438 [WARNING] Token expired or invalid
2025-03-15 17:51:06,439 [INFO] Response: 302 - Headers: {'Content-Type': 'text/html; charset=utf-8', 'Content-Length': '219', 'Location': '/api/admin_login', 'Set-Cookie': 'access_token_cookie=; Expires=Thu, 01 Jan 1970 00:00:00 GMT; HttpOnly; Path=/', 'Access-Control-Allow-Origin': '*'}
2025-03-15 17:51:06,441 [INFO] Request: GET /api/admin_login - Headers: {'User-Agent': 'Werkzeug/3.1.3', 'Host': 'localhost'} - Args: ImmutableMultiDict([]) - Form: ImmutableMultiDict([])
2025-03-15 17:51:06,442 [INFO] User already logged in, redirecting to admin panel
2025-03-15 17:51:06,443 [INFO] Response: 302 - Headers: {'Content-Type': 'text/html; charset=utf-8', 'Content-Length': '221', 'Location': '/api/admin_panel/'}
2025-03-15 17:51:06,445 [INFO] Request: POST /api/admin_login - Headers: {'User-Agent': 'Werkzeug/3.1.3', 'Host': 'localhost', 'Content-Type': 'application/x-www-form-urlencoded', 'Content-Length': '61'} - Args: ImmutableMultiDict([]) - Form: ImmutableMultiDict([('username', 'admin'), ('password', 'wrong_password'), ('smart-token', 'fake-token')])
2025-03-15 17:51:06,446 [WARNING] Failed login attempt for username: admin
2025-03-15 17:51:06,447 [INFO] Response: 302 - Headers: {'Content-Type': 'text/html; charset=utf-8', 'Content-Length': '673', 'Location': '/api/admin_login?error=%D0%9D%D0%B5%D0%BF%D1%80%D0%B0%D0%B2%D0%B8%D0%BB%D1%8C%D0%BD%D0%BE%D0%B5+%D0%B8%D0%BC%D1%8F+%D0%BF%D0%BE%D0%BB%D1%8C%D0%B7%D0%BE%D0%B2%D0%B0%D1%82%D0%B5%D0%BB%D1%8F+%D0%B8%D0%BB%D0%B8+%D0%BF%D0%B0%D1%80%D0%BE%D0%BB%D1%8C'}
2025-03-15 17:51:06,448 [INFO] Request: GET /api/admin_login - Headers: {'User-Agent': 'Werkzeug/3.1.3', 'Host': 'localhost'} - Args: ImmutableMultiDict([]) - Form: ImmutableMultiDict([])
2025-03-15 17:51:06,449 [INFO] Admin login page requested
2025-03-15 17:51:06,453 [INFO] Response: 200 - Headers: {'Content-Type': 'text/html; charset=utf-8', 'Content-Length': '4023'}
2025-03-15 17:51:06,456 [INFO] Request: POST /api/admin_login - Headers: {'User-Agent': 'Werkzeug/3.1.3', 'Host': 'localhost', 'Content-Type': 'application/x-www-form-urlencoded', 'Content-Length': '55'} - Args: ImmutableMultiDict([]) - Form: ImmutableMultiDict([('username', 'admin'), ('password', 'password'), ('smart-token', 'fake-token')])
2025-03-15 17:51:06,457 [WARNING] Failed login attempt for username: admin
2025-03-15 17:51:06,457 [INFO] Response: 302 - Headers: {'Content-Type': 'text/html; charset=utf-8', 'Content-Length': '673', 'Location': '/api/admin_login?error=%D0%9D%D0%B5%D0%BF%D1%80%D0%B0%D0%B2%D0%B8%D0%BB%D1%8C%D0%BD%D0%BE%D0%B5+%D0%B8%D0%BC%D1%8F+%D0%BF%D0%BE%D0%BB%D1%8C%D0%B7%D0%BE%D0%B2%D0%B0%D1%82%D0%B5%D0%BB%D1%8F+%D0%B8%D0%BB%D0%B8+%D0%BF%D0%B0%D1%80%D0%BE%D0%BB%D1%8C'}
2025-03-15 17:51:06,461 [INFO] Request: GET /api/admin_panel/news - Headers: {'User-Agent': 'Werkzeug/3.1.3', 'Host': 'localhost', 'Cookie': 'session=eyJqd3RfdG9rZW4iOiJmYWtlLWp3dC10b2tlbiJ9.Z9WT2g.VwCOxNrfbkTyobdnlek8nStdsu8'} - Args: ImmutableMultiDict([]) - Form: ImmutableMultiDict([])
2025-03-15 17:51:06,461 [WARNING] Token expired or invalid
2025-03-15 17:51:06,462 [INFO] Response: 302 - Headers: {'Content-Type': 'text/html; charset=utf-8', 'Content-Length': '219', 'Location': '/api/admin_login', 'Set-Cookie': 'access_token_cookie=; Expires=Thu, 01 Jan 1970 00:00:00 GMT; HttpOnly; Path=/', 'Access-Control-Allow-Origin': '*'}
2025-03-15 17:51:06,466 [INFO] Request: GET /api/admin_panel/edit/1/news - Headers: {'User-Agent': 'Werkzeug/3.1.3', 'Host': 'localhost'} - Args: ImmutableMultiDict([]) - Form: ImmutableMultiDict([])
2025-03-15 17:51:06,466 [WARNING] Token expired or invalid
2025-03-15 17:51:06,468 [INFO] Response: 302 - Headers: {'Content-Type': 'text/html; charset=utf-8', 'Content-Length': '219', 'Location': '/api/admin_login', 'Set-Cookie': 'access_token_cookie=; Expires=Thu, 01 Jan 1970 00:00:00 GMT; HttpOnly; Path=/', 'Access-Control-Allow-Origin': '*'}
2025-03-15 17:51:06,476 [WARNING] Token expired or invalid
2025-03-15 17:51:06,476 [INFO] Response: 302 - Headers: {'Content-Type': 'text/html; charset=utf-8', 'Content-Length': '219', 'Location': '/api/admin_login', 'Set-Cookie': 'access_token_cookie=; Expires=Thu, 01 Jan 1970 00:00:00 GMT; HttpOnly; Path=/', 'Access-Control-Allow-Origin': '*'}
2025-03-15 17:51:06,478 [INFO] Request: GET /api/logout - Headers: {'User-Agent': 'Werkzeug/3.1.3', 'Host': 'localhost'} - Args: ImmutableMultiDict([]) - Form: ImmutableMultiDict([])
2025-03-15 17:51:06,479 [INFO] User logged out
2025-03-15 17:51:06,479 [INFO] Response: 302 - Headers: {'Content-Type': 'text/html; charset=utf-8', 'Content-Length': '219', 'Location': '/api/admin_login', 'Set-Cookie': 'access_token_cookie=; Expires=Thu, 01 Jan 1970 00:00:00 GMT; HttpOnly; Path=/'}
2025-03-15 17:51:06,481 [INFO] Request: GET /api/admin_panel/make_main/1 - Headers: {'User-Agent': 'Werkzeug/3.1.3', 'Host': 'localhost'} - Args: ImmutableMultiDict([]) - Form: ImmutableMultiDict([])
2025-03-15 17:51:06,482 [WARNING] Token expired or invalid
2025-03-15 17:51:06,483 [INFO] Response: 302 - Headers: {'Content-Type': 'text/html; charset=utf-8', 'Content-Length': '219', 'Location': '/api/admin_login', 'Set-Cookie': 'access_token_cookie=; Expires=Thu, 01 Jan 1970 00:00:00 GMT; HttpOnly; Path=/', 'Access-Control-Allow-Origin': '*'}
2025-03-15 17:52:16,445 [WARNING] Token expired or invalid
2025-03-15 17:52:16,446 [INFO] Response: 302 - Headers: {'Content-Type': 'text/html; charset=utf-8', 'Content-Length': '219', 'Location': '/api/admin_login', 'Set-Cookie': 'access_token_cookie=; Expires=Thu, 01 Jan 1970 00:00:00 GMT; HttpOnly; Path=/', 'Access-Control-Allow-Origin': '*'}
2025-03-15 17:52:16,447 [INFO] Request: GET /api/admin_login - Headers: {'User-Agent': 'Werkzeug/3.1.3', 'Host': 'localhost'} - Args: ImmutableMultiDict([]) - Form: ImmutableMultiDict([])
2025-03-15 17:52:16,448 [INFO] User already logged in, redirecting to admin panel
2025-03-15 17:52:16,449 [INFO] Response: 302 - Headers: {'Content-Type': 'text/html; charset=utf-8', 'Content-Length': '221', 'Location': '/api/admin_panel/'}
2025-03-15 17:52:16,450 [INFO] Request: POST /api/admin_login - Headers: {'User-Agent': 'Werkzeug/3.1.3', 'Host': 'localhost', 'Content-Type': 'application/x-www-form-urlencoded', 'Content-Length': '61'} - Args: ImmutableMultiDict([]) - Form: ImmutableMultiDict([('username', 'admin'), ('password', 'wrong_password'), ('smart-token', 'fake-token')])
2025-03-15 17:52:16,451 [WARNING] Failed login attempt for username: admin
2025-03-15 17:52:16,452 [INFO] Response: 302 - Headers: {'Content-Type': 'text/html; charset=utf-8', 'Content-Length': '673', 'Location': '/api/admin_login?error=%D0%9D%D0%B5%D0%BF%D1%80%D0%B0%D0%B2%D0%B8%D0%BB%D1%8C%D0%BD%D0%BE%D0%B5+%D0%B8%D0%BC%D1%8F+%D0%BF%D0%BE%D0%BB%D1%8C%D0%B7%D0%BE%D0%B2%D0%B0%D1%82%D0%B5%D0%BB%D1%8F+%D0%B8%D0%BB%D0%B8+%D0%BF%D0%B0%D1%80%D0%BE%D0%BB%D1%8C'}
2025-03-15 17:52:16,453 [INFO] Request: GET /api/admin_login - Headers: {'User-Agent': 'Werkzeug/3.1.3', 'Host': 'localhost'} - Args: ImmutableMultiDict([]) - Form: ImmutableMultiDict([])
2025-03-15 17:52:16,454 [INFO] Admin login page requested
2025-03-15 17:52:16,458 [INFO] Response: 200 - Headers: {'Content-Type': 'text/html; charset=utf-8', 'Content-Length': '4023'}
2025-03-15 17:52:16,461 [INFO] Request: POST /api/admin_login - Headers: {'User-Agent': 'Werkzeug/3.1.3', 'Host': 'localhost', 'Content-Type': 'application/x-www-form-urlencoded', 'Content-Length': '55'} - Args: ImmutableMultiDict([]) - Form: ImmutableMultiDict([('username', 'admin'), ('password', 'password'), ('smart-token', 'fake-token')])
2025-03-15 17:52:16,461 [WARNING] Failed login attempt for username: admin
2025-03-15 17:52:16,462 [INFO] Response: 302 - Headers: {'Content-Type': 'text/html; charset=utf-8', 'Content-Length': '673', 'Location': '/api/admin_login?error=%D0%9D%D0%B5%D0%BF%D1%80%D0%B0%D0%B2%D0%B8%D0%BB%D1%8C%D0%BD%D0%BE%D0%B5+%D0%B8%D0%BC%D1%8F+%D0%BF%D0%BE%D0%BB%D1%8C%D0%B7%D0%BE%D0%B2%D0%B0%D1%82%D0%B5%D0%BB%D1%8F+%D0%B8%D0%BB%D0%B8+%D0%BF%D0%B0%D1%80%D0%BE%D0%BB%D1%8C'}
2025-03-15 17:52:16,465 [INFO] Request: GET /api/admin_panel/news - Headers: {'User-Agent': 'Werkzeug/3.1.3', 'Host': 'localhost', 'Cookie': 'session=eyJqd3RfdG9rZW4iOiJmYWtlLWp3dC10b2tlbiJ9.Z9WUIA.do0teQeu4Q2u6A7DMlMAlrw6Icc'} - Args: ImmutableMultiDict([]) - Form: ImmutableMultiDict([])
2025-03-15 17:52:16,465 [WARNING] Token expired or invalid
2025-03-15 17:52:16,466 [INFO] Response: 302 - Headers: {'Content-Type': 'text/html; charset=utf-8', 'Content-Length': '219', 'Location': '/api/admin_login', 'Set-Cookie': 'access_token_cookie=; Expires=Thu, 01 Jan 1970 00:00:00 GMT; HttpOnly; Path=/', 'Access-Control-Allow-Origin': '*'}
2025-03-15 17:52:16,469 [INFO] Request: GET /api/admin_panel/edit/1/news - Headers: {'User-Agent': 'Werkzeug/3.1.3', 'Host': 'localhost'} - Args: ImmutableMultiDict([]) - Form: ImmutableMultiDict([])
2025-03-15 17:52:16,470 [WARNING] Token expired or invalid
2025-03-15 17:52:16,471 [INFO] Response: 302 - Headers: {'Content-Type': 'text/html; charset=utf-8', 'Content-Length': '219', 'Location': '/api/admin_login', 'Set-Cookie': 'access_token_cookie=; Expires=Thu, 01 Jan 1970 00:00:00 GMT; HttpOnly; Path=/', 'Access-Control-Allow-Origin': '*'}
2025-03-15 17:52:16,486 [WARNING] Token expired or invalid
2025-03-15 17:52:16,487 [INFO] Response: 302 - Headers: {'Content-Type': 'text/html; charset=utf-8', 'Content-Length': '219', 'Location': '/api/admin_login', 'Set-Cookie': 'access_token_cookie=; Expires=Thu, 01 Jan 1970 00:00:00 GMT; HttpOnly; Path=/', 'Access-Control-Allow-Origin': '*'}
2025-03-15 17:52:16,487 [INFO] Request: GET /api/logout - Headers: {'User-Agent': 'Werkzeug/3.1.3', 'Host': 'localhost'} - Args: ImmutableMultiDict([]) - Form: ImmutableMultiDict([])
2025-03-15 17:52:16,488 [INFO] User logged out
2025-03-15 17:52:16,489 [INFO] Response: 302 - Headers: {'Content-Type': 'text/html; charset=utf-8', 'Content-Length': '219', 'Location': '/api/admin_login', 'Set-Cookie': 'access_token_cookie=; Expires=Thu, 01 Jan 1970 00:00:00 GMT; HttpOnly; Path=/'}
2025-03-15 17:52:16,490 [INFO] Request: GET /api/admin_panel/make_main/1 - Headers: {'User-Agent': 'Werkzeug/3.1.3', 'Host': 'localhost'} - Args: ImmutableMultiDict([]) - Form: ImmutableMultiDict([])
2025-03-15 17:52:16,491 [WARNING] Token expired or invalid
2025-03-15 17:52:16,492 [INFO] Response: 302 - Headers: {'Content-Type': 'text/html; charset=utf-8', 'Content-Length': '219', 'Location': '/api/admin_login', 'Set-Cookie': 'access_token_cookie=; Expires=Thu, 01 Jan 1970 00:00:00 GMT; HttpOnly; Path=/', 'Access-Control-Allow-Origin': '*'}
2025-03-15 17:53:09,607 [WARNING] Token expired or invalid
2025-03-15 17:53:09,609 [INFO] Response: 302 - Headers: {'Content-Type': 'text/html; charset=utf-8', 'Content-Length': '219', 'Location': '/api/admin_login', 'Set-Cookie': 'access_token_cookie=; Expires=Thu, 01 Jan 1970 00:00:00 GMT; HttpOnly; Path=/', 'Access-Control-Allow-Origin': '*'}
2025-03-15 17:53:09,610 [INFO] Request: GET /api/admin_login - Headers: {'User-Agent': 'Werkzeug/3.1.3', 'Host': 'localhost'} - Args: ImmutableMultiDict([]) - Form: ImmutableMultiDict([])
2025-03-15 17:53:09,611 [INFO] User already logged in, redirecting to admin panel
2025-03-15 17:53:09,612 [INFO] Response: 302 - Headers: {'Content-Type': 'text/html; charset=utf-8', 'Content-Length': '221', 'Location': '/api/admin_panel/'}
2025-03-15 17:53:09,614 [INFO] Request: POST /api/admin_login - Headers: {'User-Agent': 'Werkzeug/3.1.3', 'Host': 'localhost', 'Content-Type': 'application/x-www-form-urlencoded', 'Content-Length': '61'} - Args: ImmutableMultiDict([]) - Form: ImmutableMultiDict([('username', 'admin'), ('password', 'wrong_password'), ('smart-token', 'fake-token')])
2025-03-15 17:53:09,614 [WARNING] Failed login attempt for username: admin
2025-03-15 17:53:09,615 [INFO] Response: 302 - Headers: {'Content-Type': 'text/html; charset=utf-8', 'Content-Length': '673', 'Location': '/api/admin_login?error=%D0%9D%D0%B5%D0%BF%D1%80%D0%B0%D0%B2%D0%B8%D0%BB%D1%8C%D0%BD%D0%BE%D0%B5+%D0%B8%D0%BC%D1%8F+%D0%BF%D0%BE%D0%BB%D1%8C%D0%B7%D0%BE%D0%B2%D0%B0%D1%82%D0%B5%D0%BB%D1%8F+%D0%B8%D0%BB%D0%B8+%D0%BF%D0%B0%D1%80%D0%BE%D0%BB%D1%8C'}
2025-03-15 17:53:09,616 [INFO] Request: GET /api/admin_login - Headers: {'User-Agent': 'Werkzeug/3.1.3', 'Host': 'localhost'} - Args: ImmutableMultiDict([]) - Form: ImmutableMultiDict([])
2025-03-15 17:53:09,616 [INFO] Admin login page requested
2025-03-15 17:53:09,621 [INFO] Response: 200 - Headers: {'Content-Type': 'text/html; charset=utf-8', 'Content-Length': '4023'}
2025-03-15 17:53:09,624 [INFO] Request: POST /api/admin_login - Headers: {'User-Agent': 'Werkzeug/3.1.3', 'Host': 'localhost', 'Content-Type': 'application/x-www-form-urlencoded', 'Content-Length': '55'} - Args: ImmutableMultiDict([]) - Form: ImmutableMultiDict([('username', 'admin'), ('password', 'password'), ('smart-token', 'fake-token')])
2025-03-15 17:53:09,625 [WARNING] Failed login attempt for username: admin
2025-03-15 17:53:09,625 [INFO] Response: 302 - Headers: {'Content-Type': 'text/html; charset=utf-8', 'Content-Length': '673', 'Location': '/api/admin_login?error=%D0%9D%D0%B5%D0%BF%D1%80%D0%B0%D0%B2%D0%B8%D0%BB%D1%8C%D0%BD%D0%BE%D0%B5+%D0%B8%D0%BC%D1%8F+%D0%BF%D0%BE%D0%BB%D1%8C%D0%B7%D0%BE%D0%B2%D0%B0%D1%82%D0%B5%D0%BB%D1%8F+%D0%B8%D0%BB%D0%B8+%D0%BF%D0%B0%D1%80%D0%BE%D0%BB%D1%8C'}
2025-03-15 17:53:09,628 [INFO] Request: GET /api/admin_panel/news - Headers: {'User-Agent': 'Werkzeug/3.1.3', 'Host': 'localhost', 'Cookie': 'session=eyJqd3RfdG9rZW4iOiJmYWtlLWp3dC10b2tlbiJ9.Z9WUVQ.6jm2CEiEvi6qQgsy-a5zj_q-aE4'} - Args: ImmutableMultiDict([]) - Form: ImmutableMultiDict([])
2025-03-15 17:53:09,628 [WARNING] Token expired or invalid
2025-03-15 17:53:09,629 [INFO] Response: 302 - Headers: {'Content-Type': 'text/html; charset=utf-8', 'Content-Length': '219', 'Location': '/api/admin_login', 'Set-Cookie': 'access_token_cookie=; Expires=Thu, 01 Jan 1970 00:00:00 GMT; HttpOnly; Path=/', 'Access-Control-Allow-Origin': '*'}
2025-03-15 17:53:09,633 [INFO] Request: GET /api/admin_panel/edit/1/news - Headers: {'User-Agent': 'Werkzeug/3.1.3', 'Host': 'localhost'} - Args: ImmutableMultiDict([]) - Form: ImmutableMultiDict([])
2025-03-15 17:53:09,634 [WARNING] Token expired or invalid
2025-03-15 17:53:09,635 [INFO] Response: 302 - Headers: {'Content-Type': 'text/html; charset=utf-8', 'Content-Length': '219', 'Location': '/api/admin_login', 'Set-Cookie': 'access_token_cookie=; Expires=Thu, 01 Jan 1970 00:00:00 GMT; HttpOnly; Path=/', 'Access-Control-Allow-Origin': '*'}
2025-03-15 17:53:09,643 [WARNING] Token expired or invalid
2025-03-15 17:53:09,643 [INFO] Response: 302 - Headers: {'Content-Type': 'text/html; charset=utf-8', 'Content-Length': '219', 'Location': '/api/admin_login', 'Set-Cookie': 'access_token_cookie=; Expires=Thu, 01 Jan 1970 00:00:00 GMT; HttpOnly; Path=/', 'Access-Control-Allow-Origin': '*'}
2025-03-15 17:53:09,645 [INFO] Request: GET /api/logout - Headers: {'User-Agent': 'Werkzeug/3.1.3', 'Host': 'localhost'} - Args: ImmutableMultiDict([]) - Form: ImmutableMultiDict([])
2025-03-15 17:53:09,645 [INFO] User logged out
2025-03-15 17:53:09,646 [INFO] Response: 302 - Headers: {'Content-Type': 'text/html; charset=utf-8', 'Content-Length': '219', 'Location': '/api/admin_login', 'Set-Cookie': 'access_token_cookie=; Expires=Thu, 01 Jan 1970 00:00:00 GMT; HttpOnly; Path=/'}
2025-03-15 17:53:09,647 [INFO] Request: GET /api/admin_panel/make_main/1 - Headers: {'User-Agent': 'Werkzeug/3.1.3', 'Host': 'localhost'} - Args: ImmutableMultiDict([]) - Form: ImmutableMultiDict([])
2025-03-15 17:53:09,647 [WARNING] Token expired or invalid
2025-03-15 17:53:09,649 [INFO] Response: 302 - Headers: {'Content-Type': 'text/html; charset=utf-8', 'Content-Length': '219', 'Location': '/api/admin_login', 'Set-Cookie': 'access_token_cookie=; Expires=Thu, 01 Jan 1970 00:00:00 GMT; HttpOnly; Path=/', 'Access-Control-Allow-Origin': '*'}
2025-03-15 17:53:26,720 [WARNING] Token expired or invalid
2025-03-15 17:53:26,721 [INFO] Response: 302 - Headers: {'Content-Type': 'text/html; charset=utf-8', 'Content-Length': '219', 'Location': '/api/admin_login', 'Set-Cookie': 'access_token_cookie=; Expires=Thu, 01 Jan 1970 00:00:00 GMT; HttpOnly; Path=/', 'Access-Control-Allow-Origin': '*'}
2025-03-15 17:53:26,722 [INFO] Request: GET /api/admin_login - Headers: {'User-Agent': 'Werkzeug/3.1.3', 'Host': 'localhost'} - Args: ImmutableMultiDict([]) - Form: ImmutableMultiDict([])
2025-03-15 17:53:26,723 [INFO] User already logged in, redirecting to admin panel
2025-03-15 17:53:26,724 [INFO] Response: 302 - Headers: {'Content-Type': 'text/html; charset=utf-8', 'Content-Length': '221', 'Location': '/api/admin_panel/'}
2025-03-15 17:53:26,726 [INFO] Request: POST /api/admin_login - Headers: {'User-Agent': 'Werkzeug/3.1.3', 'Host': 'localhost', 'Content-Type': 'application/x-www-form-urlencoded', 'Content-Length': '61'} - Args: ImmutableMultiDict([]) - Form: ImmutableMultiDict([('username', 'admin'), ('password', 'wrong_password'), ('smart-token', 'fake-token')])
2025-03-15 17:53:26,726 [WARNING] Failed login attempt for username: admin
2025-03-15 17:53:26,728 [INFO] Response: 302 - Headers: {'Content-Type': 'text/html; charset=utf-8', 'Content-Length': '673', 'Location': '/api/admin_login?error=%D0%9D%D0%B5%D0%BF%D1%80%D0%B0%D0%B2%D0%B8%D0%BB%D1%8C%D0%BD%D0%BE%D0%B5+%D0%B8%D0%BC%D1%8F+%D0%BF%D0%BE%D0%BB%D1%8C%D0%B7%D0%BE%D0%B2%D0%B0%D1%82%D0%B5%D0%BB%D1%8F+%D0%B8%D0%BB%D0%B8+%D0%BF%D0%B0%D1%80%D0%BE%D0%BB%D1%8C'}
2025-03-15 17:53:26,729 [INFO] Request: GET /api/admin_login - Headers: {'User-Agent': 'Werkzeug/3.1.3', 'Host': 'localhost'} - Args: ImmutableMultiDict([]) - Form: ImmutableMultiDict([])
2025-03-15 17:53:26,729 [INFO] Admin login page requested
2025-03-15 17:53:26,733 [INFO] Response: 200 - Headers: {'Content-Type': 'text/html; charset=utf-8', 'Content-Length': '4023'}
2025-03-15 17:53:26,735 [INFO] Request: POST /api/admin_login - Headers: {'User-Agent': 'Werkzeug/3.1.3', 'Host': 'localhost', 'Content-Type': 'application/x-www-form-urlencoded', 'Content-Length': '55'} - Args: ImmutableMultiDict([]) - Form: ImmutableMultiDict([('username', 'admin'), ('password', 'password'), ('smart-token', 'fake-token')])
2025-03-15 17:53:26,736 [WARNING] Failed login attempt for username: admin
2025-03-15 17:53:26,737 [INFO] Response: 302 - Headers: {'Content-Type': 'text/html; charset=utf-8', 'Content-Length': '673', 'Location': '/api/admin_login?error=%D0%9D%D0%B5%D0%BF%D1%80%D0%B0%D0%B2%D0%B8%D0%BB%D1%8C%D0%BD%D0%BE%D0%B5+%D0%B8%D0%BC%D1%8F+%D0%BF%D0%BE%D0%BB%D1%8C%D0%B7%D0%BE%D0%B2%D0%B0%D1%82%D0%B5%D0%BB%D1%8F+%D0%B8%D0%BB%D0%B8+%D0%BF%D0%B0%D1%80%D0%BE%D0%BB%D1%8C'}
2025-03-15 17:53:26,740 [INFO] Request: GET /api/admin_panel/news - Headers: {'User-Agent': 'Werkzeug/3.1.3', 'Host': 'localhost', 'Cookie': 'session=eyJqd3RfdG9rZW4iOiJmYWtlLWp3dC10b2tlbiJ9.Z9WUZg.UFeijEN6qRuu3pWiASr8T6XpYGg'} - Args: ImmutableMultiDict([]) - Form: ImmutableMultiDict([])
2025-03-15 17:53:26,740 [WARNING] Token expired or invalid
2025-03-15 17:53:26,741 [INFO] Response: 302 - Headers: {'Content-Type': 'text/html; charset=utf-8', 'Content-Length': '219', 'Location': '/api/admin_login', 'Set-Cookie': 'access_token_cookie=; Expires=Thu, 01 Jan 1970 00:00:00 GMT; HttpOnly; Path=/', 'Access-Control-Allow-Origin': '*'}
2025-03-15 17:53:26,745 [INFO] Request: GET /api/admin_panel/edit/1/news - Headers: {'User-Agent': 'Werkzeug/3.1.3', 'Host': 'localhost'} - Args: ImmutableMultiDict([]) - Form: ImmutableMultiDict([])
2025-03-15 17:53:26,745 [WARNING] Token expired or invalid
2025-03-15 17:53:26,746 [INFO] Response: 302 - Headers: {'Content-Type': 'text/html; charset=utf-8', 'Content-Length': '219', 'Location': '/api/admin_login', 'Set-Cookie': 'access_token_cookie=; Expires=Thu, 01 Jan 1970 00:00:00 GMT; HttpOnly; Path=/', 'Access-Control-Allow-Origin': '*'}
2025-03-15 17:53:26,756 [WARNING] Token expired or invalid
2025-03-15 17:53:26,757 [INFO] Response: 302 - Headers: {'Content-Type': 'text/html; charset=utf-8', 'Content-Length': '219', 'Location': '/api/admin_login', 'Set-Cookie': 'access_token_cookie=; Expires=Thu, 01 Jan 1970 00:00:00 GMT; HttpOnly; Path=/', 'Access-Control-Allow-Origin': '*'}
2025-03-15 17:53:26,758 [INFO] Request: GET /api/logout - Headers: {'User-Agent': 'Werkzeug/3.1.3', 'Host': 'localhost'} - Args: ImmutableMultiDict([]) - Form: ImmutableMultiDict([])
2025-03-15 17:53:26,759 [INFO] User logged out
2025-03-15 17:53:26,759 [INFO] Response: 302 - Headers: {'Content-Type': 'text/html; charset=utf-8', 'Content-Length': '219', 'Location': '/api/admin_login', 'Set-Cookie': 'access_token_cookie=; Expires=Thu, 01 Jan 1970 00:00:00 GMT; HttpOnly; Path=/'}
2025-03-15 17:53:26,761 [INFO] Request: GET /api/admin_panel/make_main/1 - Headers: {'User-Agent': 'Werkzeug/3.1.3', 'Host': 'localhost'} - Args: ImmutableMultiDict([]) - Form: ImmutableMultiDict([])
2025-03-15 17:53:26,762 [WARNING] Token expired or invalid
2025-03-15 17:53:26,763 [INFO] Response: 302 - Headers: {'Content-Type': 'text/html; charset=utf-8', 'Content-Length': '219', 'Location': '/api/admin_login', 'Set-Cookie': 'access_token_cookie=; Expires=Thu, 01 Jan 1970 00:00:00 GMT; HttpOnly; Path=/', 'Access-Control-Allow-Origin': '*'}
2025-03-15 17:53:26,816 [INFO] Request: POST /api/upload_image - Headers: {'User-Agent': 'Werkzeug/3.1.3', 'Host': 'localhost', 'Content-Type': 'multipart/form-data; boundary="---------------WerkzeugFormPart_1742050406.8152180.27904420857458445"', 'Content-Length': '261'} - Args: ImmutableMultiDict([]) - Form: ImmutableMultiDict([])
2025-03-15 17:53:26,817 [WARNING] Token expired or invalid
2025-03-15 17:53:26,817 [INFO] Response: 302 - Headers: {'Content-Type': 'text/html; charset=utf-8', 'Content-Length': '219', 'Location': '/api/admin_login', 'Set-Cookie': 'access_token_cookie=; Expires=Thu, 01 Jan 1970 00:00:00 GMT; HttpOnly; Path=/', 'Access-Control-Allow-Origin': '*'}
2025-03-15 15:32:02,083 [INFO] Request: GET / - Headers: {'Host': '127.0.0.1:5000', 'Connection': 'keep-alive', 'Sec-Ch-Ua': '"Not A(Brand";v="8", "Chromium";v="132", "YaBrowser";v="25.2", "Yowser";v="2.5"', 'Sec-Ch-Ua-Mobile': '?0', 'Sec-Ch-Ua-Platform': '"Windows"', 'Upgrade-Insecure-Requests': '1', 'User-Agent': 'Mozilla/5.0 (Windows NT 10.0; Win64; x64) AppleWebKit/537.36 (KHTML, like Gecko) Chrome/132.0.0.0 YaBrowser/25.2.0.0 Safari/537.36', 'Accept': 'text/html,application/xhtml+xml,application/xml;q=0.9,image/avif,image/webp,image/apng,*/*;q=0.8,application/signed-exchange;v=b3;q=0.7', 'Sec-Fetch-Site': 'none', 'Sec-Fetch-Mode': 'navigate', 'Sec-Fetch-User': '?1', 'Sec-Fetch-Dest': 'document', 'Accept-Encoding': 'gzip, deflate, br, zstd', 'Accept-Language': 'ru,en;q=0.9'} - Args: ImmutableMultiDict([]) - Form: ImmutableMultiDict([])
2025-03-15 15:32:02,160 [INFO] Response: 404 - Headers: {'Content-Type': 'text/html; charset=utf-8', 'Content-Length': '207', 'Access-Control-Allow-Origin': '*'}
2025-03-15 15:32:02,300 [INFO] Request: GET /favicon.ico - Headers: {'Host': '127.0.0.1:5000', 'Connection': 'keep-alive', 'Sec-Ch-Ua-Platform': '"Windows"', 'User-Agent': 'Mozilla/5.0 (Windows NT 10.0; Win64; x64) AppleWebKit/537.36 (KHTML, like Gecko) Chrome/132.0.0.0 YaBrowser/25.2.0.0 Safari/537.36', 'Sec-Ch-Ua': '"Not A(Brand";v="8", "Chromium";v="132", "YaBrowser";v="25.2", "Yowser";v="2.5"', 'Sec-Ch-Ua-Mobile': '?0', 'Accept': 'image/avif,image/webp,image/apng,image/svg+xml,image/*,*/*;q=0.8', 'Sec-Fetch-Site': 'same-origin', 'Sec-Fetch-Mode': 'no-cors', 'Sec-Fetch-Dest': 'image', 'Referer': 'http://127.0.0.1:5000/', 'Accept-Encoding': 'gzip, deflate, br, zstd', 'Accept-Language': 'ru,en;q=0.9'} - Args: ImmutableMultiDict([]) - Form: ImmutableMultiDict([])
2025-03-15 15:32:02,301 [INFO] Response: 404 - Headers: {'Content-Type': 'text/html; charset=utf-8', 'Content-Length': '207', 'Access-Control-Allow-Origin': '*'}
2025-03-15 15:32:08,344 [INFO] Request: GET /api - Headers: {'Host': '127.0.0.1:5000', 'Connection': 'keep-alive', 'Sec-Ch-Ua': '"Not A(Brand";v="8", "Chromium";v="132", "YaBrowser";v="25.2", "Yowser";v="2.5"', 'Sec-Ch-Ua-Mobile': '?0', 'Sec-Ch-Ua-Platform': '"Windows"', 'Upgrade-Insecure-Requests': '1', 'User-Agent': 'Mozilla/5.0 (Windows NT 10.0; Win64; x64) AppleWebKit/537.36 (KHTML, like Gecko) Chrome/132.0.0.0 YaBrowser/25.2.0.0 Safari/537.36', 'Accept': 'text/html,application/xhtml+xml,application/xml;q=0.9,image/avif,image/webp,image/apng,*/*;q=0.8,application/signed-exchange;v=b3;q=0.7', 'Sec-Fetch-Site': 'none', 'Sec-Fetch-Mode': 'navigate', 'Sec-Fetch-User': '?1', 'Sec-Fetch-Dest': 'document', 'Accept-Encoding': 'gzip, deflate, br, zstd', 'Accept-Language': 'ru,en;q=0.9'} - Args: ImmutableMultiDict([]) - Form: ImmutableMultiDict([])
2025-03-15 15:32:08,345 [INFO] Response: 404 - Headers: {'Content-Type': 'text/html; charset=utf-8', 'Content-Length': '207', 'Access-Control-Allow-Origin': '*'}
2025-03-15 15:32:15,854 [INFO] Request: GET /api/admin_login - Headers: {'Host': '127.0.0.1:5000', 'Connection': 'keep-alive', 'Sec-Ch-Ua': '"Not A(Brand";v="8", "Chromium";v="132", "YaBrowser";v="25.2", "Yowser";v="2.5"', 'Sec-Ch-Ua-Mobile': '?0', 'Sec-Ch-Ua-Platform': '"Windows"', 'Upgrade-Insecure-Requests': '1', 'User-Agent': 'Mozilla/5.0 (Windows NT 10.0; Win64; x64) AppleWebKit/537.36 (KHTML, like Gecko) Chrome/132.0.0.0 YaBrowser/25.2.0.0 Safari/537.36', 'Accept': 'text/html,application/xhtml+xml,application/xml;q=0.9,image/avif,image/webp,image/apng,*/*;q=0.8,application/signed-exchange;v=b3;q=0.7', 'Sec-Fetch-Site': 'none', 'Sec-Fetch-Mode': 'navigate', 'Sec-Fetch-User': '?1', 'Sec-Fetch-Dest': 'document', 'Accept-Encoding': 'gzip, deflate, br, zstd', 'Accept-Language': 'ru,en;q=0.9'} - Args: ImmutableMultiDict([]) - Form: ImmutableMultiDict([])
2025-03-15 15:32:15,856 [INFO] Admin login page requested
2025-03-15 15:32:15,873 [INFO] Response: 200 - Headers: {'Content-Type': 'text/html; charset=utf-8', 'Content-Length': '4023'}
2025-03-15 15:32:19,660 [INFO] Request: POST /api/admin_login - Headers: {'Host': '127.0.0.1:5000', 'Connection': 'keep-alive', 'Content-Length': '42', 'Cache-Control': 'max-age=0', 'Sec-Ch-Ua': '"Not A(Brand";v="8", "Chromium";v="132", "YaBrowser";v="25.2", "Yowser";v="2.5"', 'Sec-Ch-Ua-Mobile': '?0', 'Sec-Ch-Ua-Platform': '"Windows"', 'Origin': 'http://127.0.0.1:5000', 'Content-Type': 'application/x-www-form-urlencoded', 'Upgrade-Insecure-Requests': '1', 'User-Agent': 'Mozilla/5.0 (Windows NT 10.0; Win64; x64) AppleWebKit/537.36 (KHTML, like Gecko) Chrome/132.0.0.0 YaBrowser/25.2.0.0 Safari/537.36', 'Accept': 'text/html,application/xhtml+xml,application/xml;q=0.9,image/avif,image/webp,image/apng,*/*;q=0.8,application/signed-exchange;v=b3;q=0.7', 'Sec-Fetch-Site': 'same-origin', 'Sec-Fetch-Mode': 'navigate', 'Sec-Fetch-User': '?1', 'Sec-Fetch-Dest': 'document', 'Referer': 'http://127.0.0.1:5000/api/admin_login', 'Accept-Encoding': 'gzip, deflate, br, zstd', 'Accept-Language': 'ru,en;q=0.9'} - Args: ImmutableMultiDict([]) - Form: ImmutableMultiDict([('username', 'admin'), ('password', 'admin'), ('smart-token', '')])
2025-03-15 15:32:27,672 [ERROR] Error occurred during request processing: HTTPSConnectionPool(host='smartcaptcha.yandexcloud.net', port=443): Max retries exceeded with url: /validate?token= (Caused by NameResolutionError("<urllib3.connection.HTTPSConnection object at 0x7f73fb5a1f30>: Failed to resolve 'smartcaptcha.yandexcloud.net' ([Errno -3] Temporary failure in name resolution)"))
